#
# A fatal error has been detected by the Java Runtime Environment:
#
#  Internal Error (safepoint.cpp:310), pid=2830, tid=12035
#  guarantee(PageArmed == 0) failed: invariant
#
# JRE version: Java(TM) SE Runtime Environment (8.0_25-b17) (build 1.8.0_25-b17)
# Java VM: Java HotSpot(TM) 64-Bit Server VM (25.25-b02 mixed mode bsd-amd64 compressed oops)
# Failed to write core dump. Core dumps have been disabled. To enable core dumping, try "ulimit -c unlimited" before starting Java again
#
# If you would like to submit a bug report, please visit:
#   http://bugreport.sun.com/bugreport/crash.jsp
#

---------------  T H R E A D  ---------------

Current thread (0x00007fb893816000):  VMThread [stack: 0x000000011774c000,0x000000011784c000] [id=12035]

Stack: [0x000000011774c000,0x000000011784c000],  sp=0x000000011784b910,  free space=1022k
Native frames: (J=compiled Java code, j=interpreted, Vv=VM code, C=native code)
V  [libjvm.dylib+0x579644]  VMError::report_and_die()+0x402
V  [libjvm.dylib+0x1daceb]  report_vm_error(char const*, int, char const*, char const*)+0x54
V  [libjvm.dylib+0x4b1268]  SafepointSynchronize::begin()+0x2be
V  [libjvm.dylib+0x57f6d1]  VMThread::loop()+0x319
V  [libjvm.dylib+0x57efff]  VMThread::run()+0x79
V  [libjvm.dylib+0x45d87e]  java_start(Thread*)+0xf6
C  [libsystem_pthread.dylib+0x1899]  _pthread_body+0x8a
C  [libsystem_pthread.dylib+0x172a]  _pthread_struct_init+0x0
C  [libsystem_pthread.dylib+0x5fc9]  thread_start+0xd

VM_Operation (0x00007fb8936057a0): EnableBiasedLocking, mode: async safepoint, requested by thread 0x00007fb894036000


---------------  P R O C E S S  ---------------

Java Threads: ( => current thread )
  0x00007fb89500b800 JavaThread "DestroyJavaVM" [_thread_blocked, id=4867, stack(0x00000001035c0000,0x00000001036c0000)]
  0x00007fb89386e000 JavaThread "Thread-5" [_thread_in_vm, id=23555, stack(0x00000001186b8000,0x00000001187b8000)]
  0x00007fb89500b000 JavaThread "Thread-4" [_thread_in_vm, id=23043, stack(0x00000001185b5000,0x00000001186b5000)]
  0x00007fb894839000 JavaThread "Thread-3" [_thread_in_vm, id=22531, stack(0x00000001184b2000,0x00000001185b2000)]
  0x00007fb894838000 JavaThread "Thread-2" [_thread_in_vm, id=22019, stack(0x00000001183af000,0x00000001184af000)]
  0x00007fb894837800 JavaThread "Thread-1" [_thread_in_vm, id=21507, stack(0x00000001182ac000,0x00000001183ac000)]
  0x00007fb89500a000 JavaThread "Thread-0" [_thread_in_Java, id=20995, stack(0x00000001181a9000,0x00000001182a9000)]
  0x00007fb893825000 JavaThread "Service Thread" daemon [_thread_blocked, id=19971, stack(0x0000000117f92000,0x0000000118092000)]
  0x00007fb895018800 JavaThread "C1 CompilerThread2" daemon [_thread_blocked, id=19459, stack(0x0000000117e8f000,0x0000000117f8f000)]
  0x00007fb895018000 JavaThread "C2 CompilerThread1" daemon [_thread_blocked, id=18947, stack(0x0000000117d8c000,0x0000000117e8c000)]
  0x00007fb895004000 JavaThread "C2 CompilerThread0" daemon [_thread_blocked, id=18435, stack(0x0000000117c89000,0x0000000117d89000)]
  0x00007fb894035000 JavaThread "Signal Dispatcher" daemon [_thread_blocked, id=17923, stack(0x0000000117b86000,0x0000000117c86000)]
  0x00007fb89381b800 JavaThread "Finalizer" daemon [_thread_blocked, id=13059, stack(0x0000000117952000,0x0000000117a52000)]
  0x00007fb89381a800 JavaThread "Reference Handler" daemon [_thread_blocked, id=12547, stack(0x000000011784f000,0x000000011794f000)]

Other Threads:
=>0x00007fb893816000 VMThread [stack: 0x000000011774c000,0x000000011784c000] [id=12035]
  0x00007fb894036000 WatcherThread [stack: 0x0000000118095000,0x0000000118195000] [id=20483]

VM state:synchronizing (normal execution)

VM Mutex/Monitor currently owned by a thread:  ([mutex/lock_event])
[0x00007fb893410a90] Safepoint_lock - owner thread: 0x00007fb893816000
[0x00007fb893410b10] Threads_lock - owner thread: 0x00007fb893816000

Heap:
 PSYoungGen      total 18944K, used 2294K [0x00000007aab00000, 0x00000007ac000000, 0x00000007c0000000)
  eden space 16384K, 14% used [0x00000007aab00000,0x00000007aad3db70,0x00000007abb00000)
  from space 2560K, 0% used [0x00000007abd80000,0x00000007abd80000,0x00000007ac000000)
  to   space 2560K, 0% used [0x00000007abb00000,0x00000007abb00000,0x00000007abd80000)
 ParOldGen       total 44032K, used 0K [0x0000000780000000, 0x0000000782b00000, 0x00000007aab00000)
  object space 44032K, 0% used [0x0000000780000000,0x0000000780000000,0x0000000782b00000)
 Metaspace       used 2736K, capacity 4486K, committed 4864K, reserved 1056768K
  class space    used 298K, capacity 386K, committed 512K, reserved 1048576K

Card table byte_map: [0x00000001133c0000,0x00000001135c1000] byte_map_base: 0x000000010f7c0000

Marking Bits: (ParMarkBitMap*) 0x0000000102f40390
 Begin Bits: [0x0000000113b23000, 0x0000000114b23000)
 End Bits:   [0x0000000114b23000, 0x0000000115b23000)

Polling page: 0x000000010371a000

CodeCache: size=245760Kb used=1123Kb max_used=1135Kb free=244636Kb
 bounds [0x0000000104000000, 0x0000000104270000, 0x0000000113000000]
 total_blobs=267 nmethods=34 adapters=149
 compilation: enabled

Compilation events (10 events):
Event: 0.140 Thread 0x00007fb895004000   30 %     4       PrimeCounter::isPrime @ 5 (23 bytes)
Event: 0.143 Thread 0x00007fb895004000 nmethod 30% 0x000000010411ab90 code [0x000000010411ace0, 0x000000010411af38]
Event: 0.143 Thread 0x00007fb895018000   31       4       PrimeCounter::isPrime (23 bytes)
Event: 0.145 Thread 0x00007fb895018000 nmethod 31 0x000000010411afd0 code [0x000000010411b120, 0x000000010411b358]
Event: 1.238 Thread 0x00007fb895018800   32 %     3       PrimeCounter::primeCount @ 5 (29 bytes)
Event: 1.238 Thread 0x00007fb895018800 nmethod 32% 0x000000010411a690 code [0x000000010411a800, 0x000000010411aaa8]
Event: 1.269 Thread 0x00007fb895018800   33       3       PrimeCounter::primeCount (29 bytes)
Event: 1.269 Thread 0x00007fb895018800 nmethod 33 0x000000010411a1d0 code [0x000000010411a340, 0x000000010411a5a8]
Event: 2.581 Thread 0x00007fb895018000   34 %     4       PrimeCounter::primeCount @ 5 (29 bytes)
Event: 2.584 Thread 0x00007fb895018000 nmethod 34% 0x0000000104118850 code [0x00000001041189a0, 0x0000000104118c18]

GC Heap History (0 events):
No events

Deoptimization events (0 events):
No events

Internal exceptions (6 events):
Event: 0.050 Thread 0x00007fb894000000 Exception <a 'java/lang/NoSuchMethodError': Method sun.misc.Unsafe.defineClass(Ljava/lang/String;[BII)Ljava/lang/Class; name or signature does not match> (0x00000007aab11e50) thrown at [/HUDSON3/workspace/8-2-build-macosx-x86_64/jdk8u25/1514/hotspot/src/s
Event: 0.051 Thread 0x00007fb894000000 Exception <a 'java/lang/NoSuchMethodError': Method sun.misc.Unsafe.prefetchRead(Ljava/lang/Object;J)V name or signature does not match> (0x00000007aab120e0) thrown at [/HUDSON3/workspace/8-2-build-macosx-x86_64/jdk8u25/1514/hotspot/src/share/vm/prims/jni.
Event: 0.100 Thread 0x00007fb894000000 Exception <a 'java/util/zip/ZipException'> (0x00000007aabb2768) thrown at [/HUDSON3/workspace/8-2-build-macosx-x86_64/jdk8u25/1514/hotspot/src/share/vm/prims/jni.cpp, line 716]
Event: 0.100 Thread 0x00007fb894000000 Exception <a 'java/security/PrivilegedActionException'> (0x00000007aabb29a8) thrown at [/HUDSON3/workspace/8-2-build-macosx-x86_64/jdk8u25/1514/hotspot/src/share/vm/prims/jvm.cpp, line 1312]
Event: 0.100 Thread 0x00007fb894000000 Exception <a 'java/security/PrivilegedActionException'> (0x00000007aabb2b60) thrown at [/HUDSON3/workspace/8-2-build-macosx-x86_64/jdk8u25/1514/hotspot/src/share/vm/prims/jvm.cpp, line 1312]
Event: 0.116 Thread 0x00007fb894000000 Exception <a 'java/security/PrivilegedActionException'> (0x00000007aabedc48) thrown at [/HUDSON3/workspace/8-2-build-macosx-x86_64/jdk8u25/1514/hotspot/src/share/vm/prims/jvm.cpp, line 1312]

Events (10 events):
Event: 0.160 Thread 0x00007fb89386e000 Thread added: 0x00007fb89386e000
Event: 0.160 Thread 0x00007fb894000000 Thread exited: 0x00007fb894000000
Event: 0.160 Thread 0x00007fb89500b800 Thread added: 0x00007fb89500b800
Event: 0.161 Thread 0x00007fb894837800 DEOPT PACKING pc=0x000000010411787b sp=0x00000001183ab850
Event: 0.161 Thread 0x00007fb894837800 DEOPT UNPACKING pc=0x0000000104047373 sp=0x00000001183ab588 mode 0
Event: 2.883 Thread 0x00007fb89500a000 DEOPT PACKING pc=0x000000010411a9af sp=0x00000001182a88a0
Event: 2.883 Thread 0x00007fb89500a000 DEOPT UNPACKING pc=0x0000000104047373 sp=0x00000001182a85e8 mode 0
Event: 3.502 Thread 0x00007fb894837800 DEOPT PACKING pc=0x000000010411a9af sp=0x00000001183ab8a0
Event: 3.502 Thread 0x00007fb894837800 DEOPT UNPACKING pc=0x0000000104047373 sp=0x00000001183ab5e8 mode 0
Event: 4.108 Executing VM operation: EnableBiasedLocking


Dynamic libraries:
0x000000000000a000 	/System/Library/Frameworks/Cocoa.framework/Versions/A/Cocoa
0x000000000000a000 	/System/Library/Frameworks/Security.framework/Versions/A/Security
0x000000000000a000 	/System/Library/Frameworks/ApplicationServices.framework/Versions/A/ApplicationServices
0x000000000000a000 	/usr/lib/libz.1.dylib
0x000000000000a000 	/usr/lib/libSystem.B.dylib
0x000000000000a000 	/usr/lib/libobjc.A.dylib
0x000000000000a000 	/System/Library/Frameworks/CoreFoundation.framework/Versions/A/CoreFoundation
0x000000000000a000 	/System/Library/Frameworks/Foundation.framework/Versions/C/Foundation
0x000000000000a000 	/System/Library/Frameworks/AppKit.framework/Versions/C/AppKit
0x000000000000a000 	/System/Library/Frameworks/CoreData.framework/Versions/A/CoreData
0x000000000000a000 	/System/Library/PrivateFrameworks/RemoteViewServices.framework/Versions/A/RemoteViewServices
0x000000000000a000 	/System/Library/Frameworks/AudioToolbox.framework/Versions/A/AudioToolbox
0x000000000000a000 	/System/Library/Frameworks/AudioUnit.framework/Versions/A/AudioUnit
0x000000000000a000 	/System/Library/PrivateFrameworks/DataDetectorsCore.framework/Versions/A/DataDetectorsCore
0x000000000000a000 	/System/Library/PrivateFrameworks/DesktopServicesPriv.framework/Versions/A/DesktopServicesPriv
0x000000000000a000 	/System/Library/Frameworks/Carbon.framework/Versions/A/Frameworks/HIToolbox.framework/Versions/A/HIToolbox
0x000000000000a000 	/System/Library/Frameworks/QuartzCore.framework/Versions/A/QuartzCore
0x000000000000a000 	/System/Library/Frameworks/Carbon.framework/Versions/A/Frameworks/SpeechRecognition.framework/Versions/A/SpeechRecognition
0x000000000000a000 	/usr/lib/libauto.dylib
0x000000000000a000 	/usr/lib/libicucore.A.dylib
0x000000000000a000 	/usr/lib/libxml2.2.dylib
0x000000000000a000 	/System/Library/PrivateFrameworks/CoreUI.framework/Versions/A/CoreUI
0x000000000000a000 	/System/Library/Frameworks/CoreAudio.framework/Versions/A/CoreAudio
0x000000000000a000 	/System/Library/Frameworks/DiskArbitration.framework/Versions/A/DiskArbitration
0x000000000000a000 	/usr/lib/liblangid.dylib
0x000000000000a000 	/System/Library/PrivateFrameworks/MultitouchSupport.framework/Versions/A/MultitouchSupport
0x000000000000a000 	/System/Library/Frameworks/IOKit.framework/Versions/A/IOKit
0x000000000000a000 	/usr/lib/libDiagnosticMessagesClient.dylib
0x000000000000a000 	/System/Library/Frameworks/CoreServices.framework/Versions/A/CoreServices
0x000000000000a000 	/System/Library/PrivateFrameworks/PerformanceAnalysis.framework/Versions/A/PerformanceAnalysis
0x000000000000a000 	/System/Library/PrivateFrameworks/GenerationalStorage.framework/Versions/A/GenerationalStorage
0x000000000000a000 	/System/Library/Frameworks/OpenGL.framework/Versions/A/OpenGL
0x000000000000a000 	/System/Library/PrivateFrameworks/Sharing.framework/Versions/A/Sharing
0x000000000000a000 	/System/Library/Frameworks/ImageIO.framework/Versions/A/ImageIO
0x000000000000a000 	/System/Library/Frameworks/CoreText.framework/Versions/A/CoreText
0x000000000000a000 	/System/Library/Frameworks/CoreGraphics.framework/Versions/A/CoreGraphics
0x000000000000a000 	/System/Library/PrivateFrameworks/Backup.framework/Versions/A/Backup
0x000000000000a000 	/System/Library/Frameworks/CFNetwork.framework/Versions/A/CFNetwork
0x000000000000a000 	/System/Library/Frameworks/SystemConfiguration.framework/Versions/A/SystemConfiguration
0x000000000000a000 	/usr/lib/libCRFSuite.dylib
0x000000000000a000 	/usr/lib/libc++.1.dylib
0x000000000000a000 	/usr/lib/libc++abi.dylib
0x000000000000a000 	/usr/lib/system/libcache.dylib
0x000000000000a000 	/usr/lib/system/libcommonCrypto.dylib
0x000000000000a000 	/usr/lib/system/libcompiler_rt.dylib
0x000000000000a000 	/usr/lib/system/libcopyfile.dylib
0x000000000000a000 	/usr/lib/system/libcorecrypto.dylib
0x000000000000a000 	/usr/lib/system/libdispatch.dylib
0x000000000000a000 	/usr/lib/system/libdyld.dylib
0x000000000000a000 	/usr/lib/system/libkeymgr.dylib
0x000000000000a000 	/usr/lib/system/liblaunch.dylib
0x000000000000a000 	/usr/lib/system/libmacho.dylib
0x000000000000a000 	/usr/lib/system/libquarantine.dylib
0x000000000000a000 	/usr/lib/system/libremovefile.dylib
0x000000000000a000 	/usr/lib/system/libsystem_asl.dylib
0x000000000000a000 	/usr/lib/system/libsystem_blocks.dylib
0x000000000000a000 	/usr/lib/system/libsystem_c.dylib
0x000000000000a000 	/usr/lib/system/libsystem_configuration.dylib
0x000000000000a000 	/usr/lib/system/libsystem_dnssd.dylib
0x000000000000a000 	/usr/lib/system/libsystem_info.dylib
0x000000000000a000 	/usr/lib/system/libsystem_kernel.dylib
0x000000000000a000 	/usr/lib/system/libsystem_m.dylib
0x000000000000a000 	/usr/lib/system/libsystem_malloc.dylib
0x000000000000a000 	/usr/lib/system/libsystem_network.dylib
0x000000000000a000 	/usr/lib/system/libsystem_notify.dylib
0x000000000000a000 	/usr/lib/system/libsystem_platform.dylib
0x000000000000a000 	/usr/lib/system/libsystem_pthread.dylib
0x000000000000a000 	/usr/lib/system/libsystem_sandbox.dylib
0x000000000000a000 	/usr/lib/system/libsystem_stats.dylib
0x000000000000a000 	/usr/lib/system/libunc.dylib
0x000000000000a000 	/usr/lib/system/libunwind.dylib
0x000000000000a000 	/usr/lib/system/libxpc.dylib
0x000000000000a000 	/usr/lib/libbsm.0.dylib
0x000000000000a000 	/usr/lib/libsqlite3.dylib
0x000000000000a000 	/usr/lib/libxar.1.dylib
0x000000000000a000 	/usr/lib/libpam.2.dylib
0x000000000000a000 	/usr/lib/libOpenScriptingUtil.dylib
0x000000000000a000 	/usr/lib/libbz2.1.0.dylib
0x000000000000a000 	/System/Library/Frameworks/CoreServices.framework/Versions/A/Frameworks/CarbonCore.framework/Versions/A/CarbonCore
0x000000000000a000 	/System/Library/Frameworks/CoreServices.framework/Versions/A/Frameworks/Metadata.framework/Versions/A/Metadata
0x000000000000a000 	/System/Library/Frameworks/CoreServices.framework/Versions/A/Frameworks/OSServices.framework/Versions/A/OSServices
0x000000000000a000 	/System/Library/Frameworks/CoreServices.framework/Versions/A/Frameworks/SearchKit.framework/Versions/A/SearchKit
0x000000000000a000 	/System/Library/Frameworks/CoreServices.framework/Versions/A/Frameworks/AE.framework/Versions/A/AE
0x000000000000a000 	/System/Library/Frameworks/CoreServices.framework/Versions/A/Frameworks/LaunchServices.framework/Versions/A/LaunchServices
0x000000000000a000 	/System/Library/Frameworks/CoreServices.framework/Versions/A/Frameworks/DictionaryServices.framework/Versions/A/DictionaryServices
0x000000000000a000 	/System/Library/Frameworks/NetFS.framework/Versions/A/NetFS
0x000000000000a000 	/usr/lib/system/libkxld.dylib
0x000000000000a000 	/System/Library/PrivateFrameworks/NetAuth.framework/Versions/A/NetAuth
0x000000000000a000 	/System/Library/PrivateFrameworks/TCC.framework/Versions/A/TCC
0x000000000000a000 	/System/Library/Frameworks/OpenDirectory.framework/Versions/A/Frameworks/CFOpenDirectory.framework/Versions/A/CFOpenDirectory
0x000000000000a000 	/System/Library/Frameworks/ServiceManagement.framework/Versions/A/ServiceManagement
0x000000000000a000 	/usr/lib/libxslt.1.dylib
0x000000000000a000 	/System/Library/Frameworks/Carbon.framework/Versions/A/Frameworks/Ink.framework/Versions/A/Ink
0x000000000000a000 	/System/Library/Frameworks/ApplicationServices.framework/Versions/A/Frameworks/ATS.framework/Versions/A/ATS
0x000000000000a000 	/System/Library/Frameworks/ApplicationServices.framework/Versions/A/Frameworks/ColorSync.framework/Versions/A/ColorSync
0x000000000000a000 	/System/Library/Frameworks/ApplicationServices.framework/Versions/A/Frameworks/HIServices.framework/Versions/A/HIServices
0x000000000000a000 	/System/Library/Frameworks/ApplicationServices.framework/Versions/A/Frameworks/LangAnalysis.framework/Versions/A/LangAnalysis
0x000000000000a000 	/System/Library/Frameworks/ApplicationServices.framework/Versions/A/Frameworks/PrintCore.framework/Versions/A/PrintCore
0x000000000000a000 	/System/Library/Frameworks/ApplicationServices.framework/Versions/A/Frameworks/QD.framework/Versions/A/QD
0x000000000000a000 	/System/Library/Frameworks/ApplicationServices.framework/Versions/A/Frameworks/SpeechSynthesis.framework/Versions/A/SpeechSynthesis
0x000000000000a000 	/System/Library/Frameworks/IOSurface.framework/Versions/A/IOSurface
0x000000000000a000 	/System/Library/Frameworks/Accelerate.framework/Versions/A/Accelerate
0x000000000000a000 	/System/Library/Frameworks/Accelerate.framework/Versions/A/Frameworks/vImage.framework/Versions/A/vImage
0x000000000000a000 	/System/Library/Frameworks/Accelerate.framework/Versions/A/Frameworks/vecLib.framework/Versions/A/vecLib
0x000000000000a000 	/System/Library/Frameworks/Accelerate.framework/Versions/A/Frameworks/vecLib.framework/Versions/A/libvDSP.dylib
0x000000000000a000 	/System/Library/Frameworks/Accelerate.framework/Versions/A/Frameworks/vecLib.framework/Versions/A/libvMisc.dylib
0x000000000000a000 	/System/Library/Frameworks/Accelerate.framework/Versions/A/Frameworks/vecLib.framework/Versions/A/libLAPACK.dylib
0x000000000000a000 	/System/Library/Frameworks/Accelerate.framework/Versions/A/Frameworks/vecLib.framework/Versions/A/libBLAS.dylib
0x000000000000a000 	/System/Library/Frameworks/ApplicationServices.framework/Versions/A/Frameworks/ATS.framework/Versions/A/Resources/libFontParser.dylib
0x000000000000a000 	/System/Library/Frameworks/ApplicationServices.framework/Versions/A/Frameworks/ATS.framework/Versions/A/Resources/libFontRegistry.dylib
0x000000000000a000 	/System/Library/Frameworks/ImageIO.framework/Versions/A/Resources/libJPEG.dylib
0x000000000000a000 	/System/Library/Frameworks/ImageIO.framework/Versions/A/Resources/libTIFF.dylib
0x000000000000a000 	/System/Library/Frameworks/ImageIO.framework/Versions/A/Resources/libPng.dylib
0x000000000000a000 	/System/Library/Frameworks/ImageIO.framework/Versions/A/Resources/libGIF.dylib
0x000000000000a000 	/System/Library/Frameworks/ImageIO.framework/Versions/A/Resources/libJP2.dylib
0x000000000000a000 	/System/Library/Frameworks/ImageIO.framework/Versions/A/Resources/libRadiance.dylib
0x000000000000a000 	/usr/lib/libcups.2.dylib
0x000000000000a000 	/System/Library/Frameworks/Kerberos.framework/Versions/A/Kerberos
0x000000000000a000 	/System/Library/Frameworks/GSS.framework/Versions/A/GSS
0x000000000000a000 	/usr/lib/libresolv.9.dylib
0x000000000000a000 	/usr/lib/libiconv.2.dylib
0x000000000000a000 	/System/Library/PrivateFrameworks/Heimdal.framework/Versions/A/Heimdal
0x000000000000a000 	/System/Library/PrivateFrameworks/TrustEvaluationAgent.framework/Versions/A/TrustEvaluationAgent
0x000000000000a000 	/usr/lib/libheimdal-asn1.dylib
0x000000000000a000 	/System/Library/Frameworks/OpenDirectory.framework/Versions/A/OpenDirectory
0x000000000000a000 	/System/Library/PrivateFrameworks/CommonAuth.framework/Versions/A/CommonAuth
0x000000000000a000 	/System/Library/Frameworks/SecurityFoundation.framework/Versions/A/SecurityFoundation
0x000000000000a000 	/System/Library/PrivateFrameworks/Bom.framework/Versions/A/Bom
0x000000000000a000 	/System/Library/Frameworks/CoreVideo.framework/Versions/A/CoreVideo
0x000000000000a000 	/System/Library/Frameworks/QuartzCore.framework/Versions/A/Frameworks/CoreImage.framework/Versions/A/CoreImage
0x000000000000a000 	/System/Library/Frameworks/QuartzCore.framework/Versions/A/Frameworks/ScalableUserInterface.framework/Versions/A/ScalableUserInterface
0x000000000000a000 	/System/Library/Frameworks/OpenGL.framework/Versions/A/Libraries/libGLU.dylib
0x000000000000a000 	/System/Library/Frameworks/OpenGL.framework/Versions/A/Libraries/libGFXShared.dylib
0x000000000000a000 	/System/Library/Frameworks/OpenGL.framework/Versions/A/Libraries/libGL.dylib
0x000000000000a000 	/System/Library/Frameworks/OpenGL.framework/Versions/A/Libraries/libGLImage.dylib
0x000000000000a000 	/System/Library/Frameworks/OpenGL.framework/Versions/A/Libraries/libCVMSPluginSupport.dylib
0x000000000000a000 	/System/Library/Frameworks/OpenGL.framework/Versions/A/Libraries/libCoreVMClient.dylib
0x000000000000a000 	/System/Library/PrivateFrameworks/FaceCore.framework/Versions/A/FaceCore
0x000000000000a000 	/System/Library/PrivateFrameworks/CrashReporterSupport.framework/Versions/A/CrashReporterSupport
0x000000000000a000 	/System/Library/Frameworks/OpenCL.framework/Versions/A/OpenCL
0x000000000000a000 	/System/Library/PrivateFrameworks/AppleFSCompression.framework/Versions/A/AppleFSCompression
0x000000000000a000 	/System/Library/PrivateFrameworks/Ubiquity.framework/Versions/A/Ubiquity
0x000000000000a000 	/System/Library/PrivateFrameworks/IconServices.framework/Versions/A/IconServices
0x000000000000a000 	/System/Library/PrivateFrameworks/ChunkingLibrary.framework/Versions/A/ChunkingLibrary
0x000000000000a000 	/System/Library/PrivateFrameworks/CoreSymbolication.framework/Versions/A/CoreSymbolication
0x000000000000a000 	/System/Library/PrivateFrameworks/Symbolication.framework/Versions/A/Symbolication
0x000000000000a000 	/System/Library/PrivateFrameworks/DebugSymbols.framework/Versions/A/DebugSymbols
0x00000001026a3000 	/Library/Java/JavaVirtualMachines/jdk1.8.0_25.jdk/Contents/Home/jre/lib/server/libjvm.dylib
0x000000000000a000 	/usr/lib/libstdc++.6.dylib
0x00000001036d8000 	/Library/Java/JavaVirtualMachines/jdk1.8.0_25.jdk/Contents/Home/jre/lib/libverify.dylib
0x00000001036e6000 	/Library/Java/JavaVirtualMachines/jdk1.8.0_25.jdk/Contents/Home/jre/lib/libjava.dylib
0x0000000103724000 	/Library/Java/JavaVirtualMachines/jdk1.8.0_25.jdk/Contents/Home/jre/lib/libzip.dylib
0x00000001037e5000 	/System/Library/Frameworks/JavaVM.framework/Frameworks/JavaRuntimeSupport.framework/JavaRuntimeSupport
0x0000000117a54000 	/System/Library/Frameworks/JavaVM.framework/Versions/A/Frameworks/JavaNativeFoundation.framework/Versions/A/JavaNativeFoundation
0x0000000117a68000 	/System/Library/Frameworks/JavaVM.framework/Versions/A/JavaVM
0x000000000000a000 	/System/Library/Frameworks/Carbon.framework/Versions/A/Carbon
0x0000000117a74000 	/System/Library/PrivateFrameworks/JavaLaunching.framework/Versions/A/JavaLaunching
0x000000000000a000 	/System/Library/Frameworks/Carbon.framework/Versions/A/Frameworks/CommonPanels.framework/Versions/A/CommonPanels
0x000000000000a000 	/System/Library/Frameworks/Carbon.framework/Versions/A/Frameworks/Help.framework/Versions/A/Help
0x000000000000a000 	/System/Library/Frameworks/Carbon.framework/Versions/A/Frameworks/ImageCapture.framework/Versions/A/ImageCapture
0x000000000000a000 	/System/Library/Frameworks/Carbon.framework/Versions/A/Frameworks/OpenScripting.framework/Versions/A/OpenScripting
0x000000000000a000 	/System/Library/Frameworks/Carbon.framework/Versions/A/Frameworks/Print.framework/Versions/A/Print
0x000000000000a000 	/System/Library/Frameworks/Carbon.framework/Versions/A/Frameworks/SecurityHI.framework/Versions/A/SecurityHI

VM Arguments:
jvm_args: -Dfile.encoding=UTF-8 
java_command: PrimeCounter
java_class_path (initial): /Users/gordansajevic/Documents/workspace/LabWork27-01-2015/bin
Launcher Type: SUN_STANDARD

Environment Variables:
PATH=/usr/bin:/bin:/usr/sbin:/sbin
SHELL=/bin/bash

Signal Handlers:
SIGSEGV: [libjvm.dylib+0x579dc7], sa_mask[0]=11111111011111110111111111111111, sa_flags=SA_ONSTACK|SA_RESTART|SA_SIGINFO
SIGBUS: [libjvm.dylib+0x579dc7], sa_mask[0]=11111111011111110111111111111111, sa_flags=SA_RESTART|SA_SIGINFO
SIGFPE: [libjvm.dylib+0x45b030], sa_mask[0]=11111111011111110111111111111111, sa_flags=SA_RESTART|SA_SIGINFO
SIGPIPE: [libjvm.dylib+0x45b030], sa_mask[0]=11111111011111110111111111111111, sa_flags=SA_RESTART|SA_SIGINFO
SIGXFSZ: [libjvm.dylib+0x45b030], sa_mask[0]=11111111011111110111111111111111, sa_flags=SA_RESTART|SA_SIGINFO
SIGILL: [libjvm.dylib+0x45b030], sa_mask[0]=11111111011111110111111111111111, sa_flags=SA_RESTART|SA_SIGINFO
SIGUSR1: SIG_DFL, sa_mask[0]=00000000000000000000000000000000, sa_flags=SA_RESTART
SIGUSR2: [libjvm.dylib+0x45ab4e], sa_mask[0]=00100000000000000000000000000000, sa_flags=SA_RESTART|SA_SIGINFO
SIGHUP: [libjvm.dylib+0x459121], sa_mask[0]=11111111011111110111111111111111, sa_flags=SA_RESTART|SA_SIGINFO
SIGINT: [libjvm.dylib+0x459121], sa_mask[0]=11111111011111110111111111111111, sa_flags=SA_RESTART|SA_SIGINFO
SIGTERM: [libjvm.dylib+0x459121], sa_mask[0]=11111111011111110111111111111111, sa_flags=SA_RESTART|SA_SIGINFO
SIGQUIT: [libjvm.dylib+0x459121], sa_mask[0]=11111111011111110111111111111111, sa_flags=SA_RESTART|SA_SIGINFO


---------------  S Y S T E M  ---------------

OS:Bsduname:Darwin 13.3.0 Darwin Kernel Version 13.3.0: Tue Jun  3 21:27:35 PDT 2014; root:xnu-2422.110.17~1/RELEASE_X86_64 x86_64
rlimit: STACK 8192k, CORE 0k, NPROC 709, NOFILE 10240, AS infinity
load average:2.54 2.75 2.50

CPU:total 4 (2 cores per cpu, 2 threads per core) family 6 model 58 stepping 9, cmov, cx8, fxsr, mmx, sse, sse2, sse3, ssse3, sse4.1, sse4.2, popcnt, avx, aes, clmul, erms, ht, tsc, tscinvbit, tscinv

Memory: 4k page, physical 4194304k(870668k free)

/proc/meminfo:


vm_info: Java HotSpot(TM) 64-Bit Server VM (25.25-b02) for bsd-amd64 JRE (1.8.0_25-b17), built on Sep 17 2014 16:56:50 by "java_re" with gcc 4.2.1 (Based on Apple Inc. build 5658) (LLVM build 2336.11.00)

time: Tue Jan 27 12:49:33 2015
elapsed time: 657 seconds (0d 0h 10m 57s)

